<?xml version="1.0" encoding="UTF-8"?>
<!-- Generated by org.testng.reporters.JUnitReportReporter -->
<testsuite skipped="0" hostname="IDLCAI407202" name="com.icrm.qa.testcases.CreateCase" tests="3" failures="0" timestamp="31 Oct 2019 04:29:56 GMT" time="77.657" errors="0">
  <testcase name="createCase" time="41.989" classname="com.icrm.qa.testcases.CreateCase"/>
  <testcase name="createCase" time="21.380" classname="com.icrm.qa.testcases.CreateCase"/>
  <testcase name="createCase" time="14.288" classname="com.icrm.qa.testcases.CreateCase"/>
</testsuite> <!-- com.icrm.qa.testcases.CreateCase -->
